----------------------------------------
tmp/ayz015.pdf.txt haikus (3):
**********************************
John's fear of a dog
  is correct only if the
dog is dangerous. [0.85]
**********************************
----------------------------------------
tmp/ayy044.pdf.txt haikus (2):
**********************************
Kendall Walton is
  perhaps the preeminent
upward hedonist. [0.88]
----------------------------------------
tmp/ayy046.pdf.txt haikus (2):
**********************************
The youngest girl must
  be sacrificed in order
to renew the sun'. [0.90]
----------------------------------------
tmp/ayz002.pdf.txt haikus (2):
**********************************
Suppose I come up
  with a story S about
a dog named Edie. [0.85]
----------------------------------------
tmp/ayz019.pdf.txt haikus (1):
**********************************
Things can be great in
  all kinds of respects and for
all kinds of reasons. [0.76]
----------------------------------------
tmp/ayz008.pdf.txt haikus (1):
**********************************
Many thanks to an
  anonymous referee
for raising this point. [0.90]
----------------------------------------
