----------------------------------------
tmp/axy016.pdf.txt haikus (4):
**********************************
Why should the laws of
  nature answer to our
practical concerns? [0.83]
**********************************
----------------------------------------
tmp/axx062.pdf.txt haikus (5):
**********************************
All males who take birth
  control pills regularly
fail to get pregnant. [0.80]
**********************************
----------------------------------------
tmp/axz018.pdf.txt haikus (1):
**********************************
The phonetic form
  of ‘dog' does not reflect a
property of dogs. [0.76]
----------------------------------------
tmp/axz054.pdf.txt haikus (2):
**********************************
When a bird uses
  its beak to pick up food, the
beak remains unchanged. [0.84]
**********************************
We thank one of the
  reviewers for suggesting
that we make this point. [0.94]
----------------------------------------
tmp/axz022.pdf.txt haikus (1):
**********************************
I thank one of the
  referees for suggesting
this comparison. [0.94]
----------------------------------------
tmp/axz050.pdf.txt haikus (1):
**********************************
If all swans are black,
  then black swans should be observed.
Black swans are observed. [0.86]
----------------------------------------
tmp/axx041.pdf.txt haikus (3):
**********************************
‘It's not what you think',
  he says. ‘I'm helping Sarah
set up her profile'. [0.90]
**********************************
His mittens might be
  in his backpack or they might
be in the closet. [0.92]
**********************************
----------------------------------------
tmp/axy012.pdf.txt haikus (1):
**********************************
This may look like a
  problem for our account
in a couple ways. [0.87]
----------------------------------------
