tmp/Derivative culpability.pdf.txt haikus (3):
**********************************
Breaking camp on a
  windy day, Hiker leaves a
campfire burning. [0.68]
**********************************
----------------------------------------
tmp/Spinoza and the problem of other substances.pdf.txt haikus (3):
**********************************
Since God is more real
  than any competitor
substance, he exists. [0.85]
**********************************
----------------------------------------
tmp/Mental imagery and fiction.pdf.txt haikus (2):
**********************************
Images are less
  vivid than perceptual
experiences. [0.79]
**********************************
----------------------------------------
tmp/Narrative and persistence.pdf.txt haikus (1):
**********************************
Suppose you become
  convinced that you are Shakespeare
reincarnated. [0.90]
----------------------------------------
tmp/Spatial aspects of olfactory experience.pdf.txt haikus (3):
**********************************
Suppose one sits in
  one's office and detects a
faint smell of fire. [0.79]
----------------------------------------
