----------------------------------------
tmp/700047.pdf.txt haikus (1):
**********************************
We always do what
  we believe is the best of
the things we can do. [0.94]
----------------------------------------
tmp/699256.pdf.txt haikus (1):
**********************************
----------------------------------------
tmp/702974.pdf.txt haikus (7):
**********************************
Carl, hating David
  and wanting him dead, pushes
David in the lake. [0.63]
**********************************
If Alice allows
  her child Freda to drown, Alice
is a wrongdoer. [0.92]
**********************************
