----------------------------------------
tmp/Norlock-2019-Hypatia.pdf.txt haikus (1):
**********************************
When hope is all but
  gone, I require better
reasons for action. [0.91]
----------------------------------------
tmp/Thornton-2019-Hypatia.pdf.txt haikus (1):
**********************************
You saw two sticks on
  the sidewalk positioned like
the hands of a watch. [0.83]
----------------------------------------
tmp/Russell-2019-Hypatia.pdf.txt haikus (2):
**********************************
She asks: “Mary, do
  you ever really read the
work of Black women? [0.74]
----------------------------------------
tmp/Giovanini-2019-Hypatia.pdf.txt haikus (1):
**********************************
2012. On ambivalence:
  The problems and pleasures of
having it both ways. [0.65]
----------------------------------------
