tmp/jphil_2019_0116_0001_0005_0031.pdf.txt haikus (5):
**********************************
But the resulting
  vagueness in our account
need not deter us.
----------------------------------------
tmp/jphil_2019_0116_0002_0106_0118.pdf.txt haikus (5):
**********************************
Frege took lies to
  be assertions the speaker
believes to be false.
**********************************
Alice states: The man
  drinking a martini is
a philosopher.
**********************************
The student wants to
  avoid punishment. This is
her primary goal.
**********************************
tmp/jphil_2019_0116_0011_0585_0614.pdf.txt haikus (2):
**********************************
To what extent can
  you become rational through
active reasoning?
**********************************
----------------------------------------
tmp/jphil_2019_0116_0002_0065_0098.pdf.txt haikus (3):
**********************************
If it's going to
  rain, Ahmed wants you to take
the big umbrella.
**********************************
tmp/jphil_2019_0116_0009_0494_0508.pdf.txt haikus (2):
**********************************
A natural name
  of a spelling is a word
that has that spelling.
----------------------------------------
tmp/jphil_2019_0116_0009_0469_0493.pdf.txt haikus (3):
**********************************
Can one suffer from
  unfairness while not being
treated unfairly?
**********************************
