----------------------------------------
tmp/Sneddon2019_Article_NoHandsNoParadox.pdf.txt haikus (4):
**********************************
Consider, as an
  example of what's at stake,
using a napkin. [0.73]
**********************************
----------------------------------------
tmp/Glück2019_Article_MoreOnTheMORELifeExperienceMod.pdf.txt haikus (2):
**********************************
I very often
  say that my oldest son is
my greatest teacher. [0.94]
----------------------------------------
tmp/Goldberg2019_Article_ARelationalApproachToEvilActio.pdf.txt haikus (2):
**********************************
‘‘Shoplifting is wrong,
  and mildly insulting a
bus driver is wrong. [0.84]
**********************************
----------------------------------------
tmp/Baehr2019_Article_WisdomSufferingAndHumility.pdf.txt haikus (1):
**********************************
To be wise about
  X is to be a kind of
expert about X. [0.97]
----------------------------------------
