----------------------------------------
tmp/download (44).txt haikus (2):
**********************************
I myself used to
  be a hard determinist,
since my high-school days. [0.86]
----------------------------------------
tmp/download (62).txt haikus (1):
**********************************
Should you watch the first
  episode? If you do, should
you watch the second? [0.87]
----------------------------------------
tmp/download - 2019-12-18T215602.598.txt haikus (1):
**********************************
We may or may not
  have free will. We may or may
not have families. [0.94]
----------------------------------------
tmp/download - 2019-12-18T215413.751.txt haikus (3):
**********************************
Beauty failures are
  a kind of moral vice, a
failure of the self. [0.81]
**********************************
