----------------------------------------
tmp/Kumar-2019-No-s.pdf.txt haikus (2):
**********************************
Imagine that you
  have been entrusted with the
care of a friend's child. [0.90]
**********************************
----------------------------------------
tmp/Staffel-2019-No-s.pdf.txt haikus (2):
**********************************
This question has not
  received much attention in
the literature. [0.94]
----------------------------------------
tmp/Rinard-2019-No-s.pdf.txt haikus (2):
**********************************
You decide to slow
  down, in order to avoid
getting a ticket. [0.82]
**********************************
----------------------------------------
tmp/Bain-2019-No-s.pdf.txt haikus (7):
**********************************
Upstream of your pain
  is the damage in your tooth,
which is bad for you. [0.92]
**********************************
You might take the stroll
  you wanted to despite the
pain in your ankle. [0.87]
**********************************
----------------------------------------
tmp/Dreisbach_et_al-2019-No-s.pdf.txt haikus (5):
**********************************
We look forward to
  empirical testing of
our own account. [0.80]
----------------------------------------
tmp/Phillips-2019-No-s.pdf.txt haikus (3):
**********************************
Suppose I saw a
  bonobo in the Congo
Basin yesterday. [0.84]
**********************************
----------------------------------------
tmp/Heathwood-2019-No-s.pdf.txt haikus (2):
**********************************
Why should you get to
  live at the expense of all
five of them dying? [0.84]
**********************************
