extracting haikus: tmp/Gao2019_Article_CredalPragmatism.pdf.txt
haikus (7):
**********************************
Philosophers have
  drawn different conclusions
from this type of case.
**********************************
extracting haikus: tmp/Tucker2019_Article_MooreBrentanoAndScanlonADefens.pdf.txt
haikus (5):
**********************************
But this argument
  relies upon a kind of
equivocation.
**********************************
I am thankful to
  Bradford Skow for suggesting
this kind of defense.
**********************************
----------------------------------------
extracting haikus: tmp/Murzi-Rossi2018_Article_ConservativeDeflationism.pdf.txt
haikus (1):
**********************************
We see at least three
  avenues of reply, which
we explore in turn.
----------------------------------------
extracting haikus: tmp/Howard2019_Article_WeighingEpistemicAndPracticalR.pdf.txt
**********************************
And wherever we
  might think the line should be drawn,
one might ask: why there?
----------------------------------------
extracting haikus: tmp/Dreier2019_Article_IsThereASupervenienceProblemFo.pdf.txt
haikus (2):
**********************************
But, I could not have
  got to Ohio faster
than a beam of light.
----------------------------------------
extracting haikus: tmp/McSweeney2019_Article_FollowingLogicalRealismWhereIt.pdf.txt
haikus (7):
**********************************
----------------------------------------
extracting haikus: tmp/Nguyen2019_Article_TheRadicalAccountOfBarePluralG.pdf.txt
haikus (9):
**********************************
After all, there is
  nothing abnormal about
a duck's being male.
**********************************
Sally replies by
  uttering ‘No, lottery
tickets are losers'.
**********************************
Such a speaker might
  assert the falsehood that all
prime numbers are odd.
**********************************
Suppose that Steven
  has never seen or heard of
any non-pale man.
**********************************
extracting haikus: tmp/Kurth2019_Article_BeingRealisticAboutMotivation.pdf.txt
haikus (4):
----------------------------------------
extracting haikus: tmp/Mele2019_Article_Self-deceptionAndSelectivity.pdf.txt
haikus (3):
**********************************
Participants were
  then randomly assigned to
either of two groups.
**********************************
----------------------------------------
extracting haikus: tmp/Buckwalter2019_Article_ImplicitAttitudesAndTheAbility.pdf.txt
haikus (3):
**********************************
Suppose an agent
  has an uncontrollable
desire to drink.
**********************************
----------------------------------------
extracting haikus: tmp/Nebel2019_Article_AFixed-populationProblemForThe.pdf.txt
haikus (1):
**********************************
How might proponents
  of the person-affecting
restriction respond?
----------------------------------------
----------------------------------------
extracting haikus: tmp/SáPereira2019_Article_ANewDefenseOfTropeContentViewO.pdf.txt
haikus (1):
**********************************
My defense is a
  case of inference to the
best explanation.
----------------------------------------
extracting haikus: tmp/Tebben2019_Article_KnowledgeRequiresCommitmentIns.pdf.txt
haikus (4):
**********************************
Being compelled to
  do something hardly seems to
be an achievement.
**********************************
It is hard to see
  how rational influence
could be compelling.
----------------------------------------
----------------------------------------
extracting haikus: tmp/Aimar2019_Article_DispositionAscriptions.pdf.txt
**********************************
There is a glass whose
  material breaks under
no circumstances.
**********************************
Here, the worlds in which
  the speaker goes through the wall
are accessible.
----------------------------------------
extracting haikus: tmp/Leuenberger2019_Article_TheFundamentalUngroundedOrAll-.pdf.txt
haikus (3):
**********************************
What is the fact that
  France is a nation grounded
in, for example?
**********************************
----------------------------------------
extracting haikus: tmp/Immerman2019_Article_MoralPicklesMoralDilemmasAndTh.pdf.txt
haikus (8):
**********************************
I don't ever want
  to make even a single
mistake in grading.
**********************************
----------------------------------------
extracting haikus: tmp/Sattig2019_Article_TheSenseOfTemporalFlowAHigher-.pdf.txt
haikus (7):
**********************************
I do not merely
  see that the leaf hangs from a
branch at a moment.
**********************************
There is no spatial
  counterpart to our sense
of temporal flow.
**********************************
The sense of flow is
  not confined to visual
experiences.
**********************************
I shall present a
  picture that will strike many
as quite radical.
**********************************
----------------------------------------
extracting haikus: tmp/Farrell2018_Article_Higher-orderTheoriesOfConsciou.pdf.txt
haikus (3):
**********************************
But, as I'll argue,
  things are not as they prima
facie seem to be.
**********************************
----------------------------------------
extracting haikus: tmp/Simion2019_Article_SayingAndBelievingTheNormCommo.pdf.txt
haikus (3):
**********************************
Since the former does
  not imply the latter, the
derivation failed.
**********************************
----------------------------------------
extracting haikus: tmp/Tallant2018_Article_PresentismPersistenceAndTrans-.pdf.txt
haikus (2):
**********************************
Truths about the past
  require existing past
objects to ground them.
**********************************
----------------------------------------
extracting haikus: tmp/Littlejohn-Dutant2019_Article_JustificationKnowledgeAndNorma.pdf.txt
haikus (6):
**********************************
Things go from strange to
  stranger when we think about
justification.
**********************************
----------------------------------------
extracting haikus: tmp/Elswyk2019_Article_PropositionalAnaphors.pdf.txt
haikus (8):
**********************************
Relative clauses
  like who owns a donkey are
known as SCOPE ISLANDS.
**********************************
Suppose Ari and
  Eli are roommates who are
behind on their bills.
**********************************
----------------------------------------
extracting haikus: tmp/Lee2019_Article_IsConsciousnessIntrinsicallyVa.pdf.txt
haikus (4):
**********************************
And a world without
  light is—literally—a
world full of darkness.
**********************************
It's controversial
  whether undercutting is
possible at all.
**********************************
----------------------------------------
extracting haikus: tmp/Diaz-Legaspe2019_Article_WhatIsASlur.pdf.txt
haikus (4):
**********************************
The definition
  is now complete, though; there is
nothing else to add.
----------------------------------------
extracting haikus: tmp/Isserow2018_Article_OnHavingBadPersonsAsFriends.pdf.txt
**********************************
It is our friends
  to whom we turn to confess
our moral sins.
----------------------------------------
extracting haikus: tmp/Peters2019_Article_CognitiveSelf-managementRequir.pdf.txt
haikus (8):
**********************************
What is registered
  as existing depends on
how we register.
**********************************
----------------------------------------
extracting haikus: tmp/Petersen2019_Article_CompositionAsPattern.pdf.txt
haikus (3):
**********************************
When exactly, for
  example, do two clay lumps
merge to become one?
**********************************
----------------------------------------
extracting haikus: tmp/Andreas-Günther2019_Article_CausationInTermsOfProduction.pdf.txt
haikus (3):
**********************************
Flipping the switch does
  not seem to be a cause of
the train's arrival.
**********************************
Although F is a
  producer of A, F is
not a cause of A.
----------------------------------------
----------------------------------------
----------------------------------------
extracting haikus: tmp/Builes2019_Article_Time-SliceRationalityAndSelf-L.pdf.txt
haikus (5):
**********************************
When Beauty wakes up,
  for all she knows, it might be
Monday or Tuesday.
----------------------------------------
extracting haikus: tmp/Popa-Wyatt-Wyatt2018_Article_SlursRolesAndPower.pdf.txt
haikus (10):
**********************************
Social roles structure
  social interactions, and
are structured by them.
**********************************
Permissible moves
  are simply defined by the
rules of correct play.
**********************************
----------------------------------------
extracting haikus: tmp/Soon2019_Article_ImplicitBiasAndSocialSchemaATr.pdf.txt
haikus (2):
**********************************
Racial and gender
  inequalities persist
in many domains.
**********************************
----------------------------------------
----------------------------------------
extracting haikus: tmp/Timmerman2019_Article_ADilemmaForEpicureanism.pdf.txt
haikus (5):
**********************************
Tim and Tom both work
  at Chase bank, far away from
a river with geese.
**********************************
----------------------------------------
extracting haikus: tmp/Brown2019_Article_SexCrimesAndMisdemeanours.pdf.txt
haikus (3):
**********************************
----------------------------------------
extracting haikus: tmp/Hlobil2019_Article_WeCannotInferByAcceptingTestim.pdf.txt
haikus (4):
**********************************
However, such a
  discussion is beyond the
scope of this paper.
**********************************
----------------------------------------
extracting haikus: tmp/Roelofs-Buchanan2019_Article_PanpsychismIntuitionsAndTheGre.pdf.txt
haikus (5):
**********************************
If everything is
  said to be a cat, then ‘cat'
loses its meaning.'
**********************************
----------------------------------------
extracting haikus: tmp/Grant2019_Article_ArtAndAchievement.pdf.txt
haikus (7):
**********************************
----------------------------------------
extracting haikus: tmp/Heylen2018_Article_FactiveKnowabilityAndTheProble.pdf.txt
haikus (3):
**********************************
I would like to thank
  all the audiences for
their helpful feedback.
**********************************
----------------------------------------
extracting haikus: tmp/Trogdon-Cowling2019_Article_PrioritizingPlatonism.pdf.txt
haikus (3):
**********************************
Suppose that there are
  propositions and that they're
abstract in nature.
**********************************
extracting haikus: tmp/Griffith2019_Article_RealizingRace.pdf.txt
haikus (4):
**********************************
Dolezal ‘played the
  Black role' for a time, but she
was passing as Black.
**********************************
----------------------------------------
extracting haikus: tmp/Dohrn2019_Article_CounterfactualsVersusConceivab.pdf.txt
haikus (4):
**********************************
----------------------------------------
extracting haikus: tmp/Barnett2019_Article_BeliefDependenceHowDoTheNumber.pdf.txt
haikus (5):
**********************************
----------------------------------------
extracting haikus: tmp/Friedell2018_Article_WhyCanTIChangeBrucknerSEighthS.pdf.txt
haikus (12):
**********************************
Jazz standards and folk
  songs often change without their
creators' input.
**********************************
When I talk about
  parts I confine myself to
only proper parts.
**********************************
If the coin lands on
  heads the guitarist plays a
certain melody.
**********************************
----------------------------------------
extracting haikus: tmp/Cantwell2018_Article_MakingSenseOfInDeterminateTrut.pdf.txt
haikus (4):
**********************************
Singular terms might
  or might not refer to or
denote some object.
**********************************
Conditional proof
  is no longer a valid
rule of inference.
**********************************
----------------------------------------
extracting haikus: tmp/Yamada2019_Article_BeautyOddsAndCredence.pdf.txt
haikus (2):
**********************************
----------------------------------------
extracting haikus: tmp/Alexander2018_Article_FramingHowWeThinkAboutDisagree.pdf.txt
haikus (9):
**********************************
If Jane does nothing,
  the boxcar will hit the five
people on the track.
**********************************
----------------------------------------
extracting haikus: tmp/Talbott2019_Article_IsEpistemicCircularityAFallacy.pdf.txt
haikus (1):
**********************************
All of the action
  takes place at the level of
degrees of belief.
----------------------------------------
----------------------------------------
extracting haikus: tmp/Lutz2019_Article_ExplanationismProvidesTheBestE.pdf.txt
haikus (4):
**********************************
(My roommate has been
  negligent in updating
his mailing address.)
**********************************
Does it matter how
  many people disagree
with you about P?
**********************************
----------------------------------------
extracting haikus: tmp/Flowerree2019_Article_EvidentialismInAction.pdf.txt
haikus (4):
**********************************
Believing truths can
  be in conflict with our
practical interests.
**********************************
----------------------------------------
extracting haikus: tmp/Siu2019_Article_TipperIsReadyButHeIsNotStrongE.pdf.txt
haikus (1):
**********************************
Q: Is Tipper dead?
  A: He isn't breathing. Q:
Do I have cancer?
----------------------------------------
extracting haikus: tmp/Hofmann2019_Article_HowToKnowOneSExperiencesTransp.pdf.txt
haikus (5):
**********************************
One comes to know that
  the straight stick just looks bent when
half put in water.
**********************************
This view is fine as
  far as it goes. But it does
not go far enough.
----------------------------------------
extracting haikus: tmp/DaVee2019_Article_WhyOckhamSRazorShouldBePreferr.pdf.txt
haikus (6):
**********************************
Baron and Tallant
  note that tectonic plates are
not fundamental.
**********************************
----------------------------------------
extracting haikus: tmp/Basu2019_Article_WhatWeEpistemicallyOweToEachOt.pdf.txt
haikus (5):
**********************************
Our standards for
  justification are not
stance-independent.
**********************************
----------------------------------------
extracting haikus: tmp/Biebel2018_Article_EpistemicJustificationAndTheIg.pdf.txt
haikus (6):
**********************************
----------------------------------------
extracting haikus: tmp/Ritchie2018_Article_WhatWeCanDo.pdf.txt
haikus (6):
**********************************
We are going to
  be sober for the month of
January, right?
**********************************
----------------------------------------
extracting haikus: tmp/DeMaagt2019_Article_ItOnlyTakesTwoToTangoAgainstGr.pdf.txt
haikus (2):
**********************************
----------------------------------------
extracting haikus: tmp/Buehler2019_Article_FlexibleOccurrentControl.pdf.txt
haikus (5):
**********************************
I am not aware
  of successful arguments
to the contrary.
**********************************
----------------------------------------
extracting haikus: tmp/Beglin2019_Article_TwoStrawsonianStrategiesForAcc.pdf.txt
haikus (4):
**********************************
Many thanks to a
  reviewer for raising this
possibility.
**********************************
----------------------------------------
extracting haikus: tmp/Copp2018_Article_JustTooDifferentNormativePrope.pdf.txt
haikus (5):
**********************************
A person's beliefs
  can be colored by thoughts that
the person rejects.
**********************************
A way of thinking
  of something can include thoughts
as well as beliefs.
**********************************
----------------------------------------
extracting haikus: tmp/Isaacs2019_Article_APatchworkEpistemologyOfDisagr.pdf.txt
haikus (5):
**********************************
Bob knows that his dim
  experience guarantees
that the light is off.
**********************************
----------------------------------------
extracting haikus: tmp/Weirich2019_Article_DefendingTruthValuesForIndicat.pdf.txt
haikus (5):
**********************************
If Tina hadn't
  stolen from the cookie jar,
someone else would have.
**********************************
----------------------------------------
extracting haikus: tmp/Blumberg2018_Article_DemonstrativesDefiniteDescript.pdf.txt
haikus (7):
**********************************
The idiotic
  American President
is in the next room.
**********************************
----------------------------------------
extracting haikus: tmp/Wallace2019_Article_ResponsibilityAndTheLimitsOfGo.pdf.txt
haikus (11):
**********************************
Robert suffered from
  learning disabilities
and was teased at school.
**********************************
----------------------------------------
extracting haikus: tmp/Wells2018_Article_EvidenceAndRationalization.pdf.txt
haikus (3):
**********************************
As it happens, Sue
  looks at the red switch and Lu
looks at the green switch.
----------------------------------------
extracting haikus: tmp/Rinard2019_Article_EqualTreatmentForBelief.pdf.txt
haikus (13):
**********************************
If my mouse-clicking
  wakes you up, waking you up
is something I did.
**********************************
----------------------------------------
extracting haikus: tmp/Beddor2019_Article_ASolutionToTheManyAttitudesPro.pdf.txt
haikus (4):
**********************************
----------------------------------------
extracting haikus: tmp/Basu2019_Article_TheWrongsOfRacistBeliefs.pdf.txt
haikus (9):
**********************************
If I believe that
  you're a bad tipper given
your race, I've wronged you.
**********************************
Perhaps it is not
  racist to believe a black
diner won't tip well.
**********************************
extracting haikus: tmp/Cofnas2019_Article_ADebunkingExplanationForMoralP.pdf.txt
haikus (7):
**********************************
Instead of being
  publicly burned, criminals
were publicly hanged.
**********************************
----------------------------------------
extracting haikus: tmp/Miller2019_Article_DecolonizingTheDemarcationOfTh.pdf.txt
haikus (5):
**********************************
If the water in
  the lake rises much higher,
Sally's home will flood.
**********************************
----------------------------------------
extracting haikus: tmp/Morton2018_Article_GroundingTheNormativeAProblemF.pdf.txt
haikus (5):
**********************************
It is in one's best
  interest to avoid painful
experiences.
**********************************
