----------------------------------------
tmp/essential-non-indexical.pdf.txt haikus (1):
**********************************
I must realise
  that the bear is after me
before I can flee. [0.95]
----------------------------------------
tmp/perennial-idealism-a-mystical-solution-to-the-mind-body.pdf.txt haikus (5):
**********************************
The table we leave
  behind when we exit the
room does not vanish. [0.92]
**********************************
----------------------------------------
tmp/logic-through-a-leibnizian-lens.pdf.txt haikus (3):
**********************************
Suppose no one loves
  anyone but no one hates
anyone either. [0.85]
----------------------------------------
tmp/interventions-in-premise-semantics.pdf.txt haikus (4):
**********************************
Different cases
  come out differently, and I
would like to know why. [0.85]
**********************************
----------------------------------------
tmp/groundwork-for-an-explanationist-account-of-epistemic.pdf.txt haikus (6):
**********************************
But the clock reads this
  because it stopped exactly
twelve hours ago. [0.93]
**********************************
