tmp/1mandelkern.pdf.txt haikus (12):
**********************************
Either I'll win but
  I don't know it, or I'll lose
but I don't know it.
**********************************
#If it's raining and it
  might not be, then we should still
bring an umbrella.
**********************************
#Because John might not be sick
  and he is, we should get a
doctor's opinion.
**********************************
----------------------------------------
tmp/255moss.pdf.txt haikus (8):
**********************************
I believe it will
  rain this afternoon, but I'm
not sure that it will.
**********************************
