----------------------------------------
tmp/[15685284 - Phronesis] Aristotle on Musical Catharsis and the Pleasure of a Good Story.pdf.txt haikus (5):
**********************************
As such, catharsis
  applies to more than just the
most suspenseful plots. [0.86]
**********************************
The text as it stands
  does not suffice to make the
situation clear. [0.92]
**********************************
----------------------------------------
tmp/[15685284 - Phronesis] Aristotle’s Empiricist Theory of Doxastic Knowledge.pdf.txt haikus (3):
**********************************
I am a human.
  This food is dry. Therefore this
food benefits me. [0.91]
----------------------------------------
tmp/[15685284 - Phronesis] Attitudinal Pleasure in Plato’s Philebus.pdf.txt haikus (3):
**********************************
Suppose also that
  I am taking pleasure in
my birdlike flying. [0.92]
----------------------------------------
