----------------------------------------
tmp/pqz077.pdf.txt haikus (2):
**********************************
When I leave the room,
  the tomato does not lose
its colour or shape. [0.86]
**********************************
----------------------------------------
tmp/pqz016.pdf.txt haikus (8):
**********************************
Perhaps X or Y
  will win the election. #In fact,
neither of them will. [0.76]
**********************************
----------------------------------------
tmp/pqy031.pdf.txt haikus (1):
**********************************
We are angry at
  Volkswagen Group for cheating
emissions standards. [0.92]
----------------------------------------
tmp/pqz036.pdf.txt haikus (2):
**********************************
That the Trojans were
  conquered is true because the
Trojans were conquered. [0.92]
----------------------------------------
tmp/pqz018.pdf.txt haikus (2):
**********************************
I instinctively
  jump out of the way, making
a narrow escape. [0.69]
**********************************
----------------------------------------
tmp/pqy059.pdf.txt haikus (2):
**********************************
Kripke classes ‘is
  one meter long', ‘is red', and
‘is loud' as rigid. [0.86]
----------------------------------------
