----------------------------------------
tmp/Zhao2019_Article_BetterVirtuousThanSafe.pdf.txt haikus (5):
**********************************
Henry forms a true
  perceptual belief that
there is a white barn. [0.87]
**********************************
----------------------------------------
tmp/Castro-Hart2019_Article_TheImpreciseImpermissivistSDil.pdf.txt haikus (4):
**********************************
A white (or black) draw
  wouldn't move Elizabeth's
credence much at all. [0.82]
----------------------------------------
tmp/Priest2019_Article_ANoteOnMathematicalPluralismAn.pdf.txt haikus (5):
**********************************
Validity is
  truth preservation in all
interpretations. [0.91]
----------------------------------------
tmp/Zakkou2019_Article_DenialAndRetractionAChallengeF.pdf.txt haikus (3):
**********************************
Who in one's right mind
  thinks that there even is a
best standard of taste? [0.89]
**********************************
So let's ask Mary:
  Mary, what do you think of
licorice? Tasty? [0.79]
----------------------------------------
tmp/Jespersen2019_Article_AnatomyOfAProposition.pdf.txt haikus (3):
**********************************
Incorrect typing
  causes the type processing
to grind to a halt. [0.87]
----------------------------------------
tmp/Santana2019_Article_LetSNotAgreeToDisagreeTheRoleO.pdf.txt haikus (1):
**********************************
Mules, it turns out, switch
  which theory they're working on
rather frequently. [0.85]
----------------------------------------
tmp/Bowker2019_Article_SayingABundleMeaningIntentionA.pdf.txt haikus (4):
**********************************
There may be many
  propositions that are meant
without being said. [0.92]
**********************************
----------------------------------------
tmp/Rooij-Schulz2019_Article_NaturalKindsAndDispositionsACa.pdf.txt haikus (2):
**********************************
*John smokes if he is
  nervous, but he never smokes
if he is nervous. [0.96]
----------------------------------------
tmp/Pickel2019_Article_UnityThroughTruth.pdf.txt haikus (4):
**********************************
One can use complex
  demonstratives to ascribe
beliefs to agents. [0.87]
----------------------------------------
tmp/Zylstra2019_Article_TheEssenceOfGrounding.pdf.txt haikus (7):
**********************************
Suppose we have a
  blue pen. Let b be the fact
that the pen is blue. [0.95]
----------------------------------------
tmp/Fallis-Lewis2019_Article_TowardAFormalAnalysisOfDecepti.pdf.txt haikus (4):
**********************************
One example of
  a signaling system is
human languages. [0.82]
**********************************
----------------------------------------
tmp/Sattig2019_Article_PartSlotGroundFoundationsForNe.pdf.txt haikus (4):
**********************************
A typical car
  has an engine, a chassis,
wheels, doors, and so on. [0.77]
**********************************
----------------------------------------
tmp/Loughlin2019_Article_WittgensteinSChallengeToEnacti.pdf.txt haikus (2):
**********************************
The animal is
  depicted as having been
pierced by an arrow. [0.89]
**********************************
----------------------------------------
tmp/Matthen2019_Article_ObjectsSeeingAndObject-seeing.pdf.txt haikus (3):
**********************************
While driving, I see
  a car pull out into my
lane: I hit the brakes. [0.81]
**********************************
I see a ball thrown
  in my direction. I raise
my arm to catch it. [0.91]
**********************************
tmp/Owen2019_Article_CircumnavigatingTheCausalPairi.pdf.txt haikus (4):
**********************************
The existence of
  Smith's body depends on Smith's
soul en-forming it. [0.77]
----------------------------------------
tmp/Ghijsen2019_Article_TraitsBeliefsAndDispositionsIn.pdf.txt haikus (2):
**********************************
Suppose someone cuts
  in line in front of you at
the supermarket. [0.84]
----------------------------------------
tmp/Esfeld2019_Article_Super-HumeanismAndFreeWill.pdf.txt haikus (1):
**********************************
If our present
  acts are not up to us, we
do not have free will. [0.96]
----------------------------------------
tmp/King2019_Article_OnPropositionsAndFinenessOfGra.pdf.txt haikus (5):
**********************************
Thanks also to an
  anonymous referee
for helpful comments. [0.89]
**********************************
----------------------------------------
tmp/Heylen-Tump2019_Article_TheEnhancedIndispensabilityArg.pdf.txt haikus (3):
**********************************
We would like to thank
  all the audiences for
their useful feedback. [0.96]
----------------------------------------
tmp/Côté-Bouchard2019_Article_OughtImpliesCanAgainstEpistemi.pdf.txt haikus (2):
**********************************
One of his students,
  Alex, is the worst student
he has ever seen. [0.94]
----------------------------------------
tmp/Harrison2019_Article_SeemingsTruth-makersAndEpistem.pdf.txt haikus (3):
**********************************
Suppose that I am
  visually aware of a
spider on the wall. [0.90]
**********************************
----------------------------------------
tmp/Rudnicki-Łukowski2019_Article_PsychophysiologicalApproachToT.pdf.txt haikus (2):
**********************************
Thinking in truth is
  a reflex, nobody gives
it a second thought. [0.90]
**********************************
----------------------------------------
tmp/VanEs2019_Article_TheEmbeddedViewItsCriticsAndAR.pdf.txt haikus (2):
**********************************
Consider using
  the touch of Zeus to explain
celestial movement. [0.82]
**********************************
----------------------------------------
tmp/Chen2019_Article_DoSimpleInfinitesimalPartsSolv.pdf.txt haikus (4):
**********************************
The size of the whole
  is the sum of the sizes
of its disjoint parts. [0.79]
**********************************
----------------------------------------
tmp/Papineau2019_Article_TheDisvalueOfKnowledge.pdf.txt haikus (5):
**********************************
What extra pay-off
  is delivered by knowledge
but not true belief? [0.89]
**********************************
----------------------------------------
tmp/Boespflug2019_Article_WhyReidWasNoDogmatist.pdf.txt haikus (2):
**********************************
David Hume: Common
  sense moralist sceptical
metaphysician. [0.66]
----------------------------------------
tmp/Snyder2019_Article_HaleSArgumentFromTransitiveCou.pdf.txt haikus (5):
**********************************
Many thanks to an
  anonymous referee
for this suggestion. [0.91]
**********************************
----------------------------------------
tmp/Douskos2019_Article_TheSpontaneousnessOfSkillAndTh.pdf.txt haikus (4):
**********************************
We exercise a
  bodily skill by doing
something or other. [0.83]
----------------------------------------
tmp/Simmons2019_Article_FundamentalNon-qualitativeProp.pdf.txt haikus (6):
**********************************
Our world is but
  one of a plurality
of possible worlds. [0.87]
**********************************
----------------------------------------
tmp/Kerr2019_Article_APleaForKR.pdf.txt haikus (2):
**********************************
Arguing for a
  particular logic is
a tricky business. [0.81]
**********************************
----------------------------------------
tmp/Lazar-Graham2019_Article_DeontologicalDecisionTheoryAnd.pdf.txt haikus (2):
**********************************
In the trolley case,
  if you pull the lever you
become a killer. [0.89]
**********************************
----------------------------------------
tmp/Spohn2019_Article_DefeasibleNormativeReasoning.pdf.txt haikus (15):
**********************************
Given I haven't
  kept my promise, I should at
least apologize. [0.85]
**********************************
----------------------------------------
tmp/Moyal-Sharrock2019_Article_FromDeedToWordGaplessAndKink-f.pdf.txt haikus (7):
**********************************
Few would deny that,
  biologically speaking,
we ‘came from' the beasts. [0.94]
**********************************
To follow a rule
  is not to make a judgment,
but to make a move. [0.93]
**********************************
----------------------------------------
tmp/KouriKissel2019_Article_MetalinguisticNegotiationAndLo.pdf.txt haikus (4):
**********************************
One says, “The roof is
  blue” and the other says, “No,
the roof is purple”. [0.89]
----------------------------------------
tmp/Bolinger2019_Article_DemographicStatisticsInDefensi.pdf.txt haikus (1):
**********************************
On Tuesday you ask
  whether I need the car, and
I say that I don't. [0.85]
----------------------------------------
tmp/Rosen2019_Article_DreamingOfAStableWorldVisionAn.pdf.txt haikus (10):
**********************************
Our bodies move
  regularly, our eyes
nearly constantly. [0.79]
**********************************
----------------------------------------
tmp/HanssonWahlberg2019_Article_TheCreationOfInstitutionalReal.pdf.txt haikus (4):
**********************************
Students do, after
  all, acquire grades—that can
hardly be denied. [0.92]
**********************************
----------------------------------------
tmp/Eronen2019_Article_RobustRealismForTheLifeScience.pdf.txt haikus (3):
**********************************
The lemon tree in
  her garden is sick, and the
leaves are falling off. [0.87]
**********************************
----------------------------------------
tmp/Soames2019_Article_PropositionsAsCognitiveActs.pdf.txt haikus (5):
**********************************
To believe o to
  be red is to be disposed
to judge it to be. [0.98]
**********************************
----------------------------------------
tmp/Lange2019_Article_AsymmetryAsAChallengeToCounter.pdf.txt haikus (3):
**********************************
Had Socrates not
  existed, {Socrates} would
not have existed. [0.90]
**********************************
----------------------------------------
tmp/Kovacs2019_Article_HowToBeAnUncompromisingRevisio.pdf.txt haikus (2):
**********************************
If I exist, I'm
  either material or
immaterial. [0.80]
**********************************
----------------------------------------
tmp/Epstein2019_Article_RadicalEmbodiedCognitiveScienc.pdf.txt haikus (2):
**********************************
Mistaking Devon
  for Sarah, I say to my
friend: ‘I miss Sarah'. [0.93]
----------------------------------------
tmp/Witek2019_Article_IllocutionAndAccommodationInTh.pdf.txt haikus (3):
**********************************
In general, no
  statement can be justified
by experience. [0.86]
----------------------------------------
tmp/Díaz-Almagro2019_Article_YouAreJustBeingEmotionalTestim.pdf.txt haikus (4):
**********************************
Susan disagrees
  with the theory presented
at the conference. [0.77]
**********************************
----------------------------------------
tmp/Scharp2019_Article_OnTheIndeterminacyOfTheMeter.pdf.txt haikus (6):
**********************************
The meter is a
  unit for measuring the
quantity of length. [0.89]
**********************************
----------------------------------------
tmp/Parent2019_Article_ADilemmaAboutKindsAndKindTerms.pdf.txt haikus (4):
**********************************
Carnap is that kind
  of metaphysician, the
self-effacing kind. [0.87]
**********************************
----------------------------------------
tmp/Johnson2019_Article_InvestigatingIllocutionaryMoni.pdf.txt haikus (3):
**********************************
I'm grateful to an
  anonymous reviewer
for pointing this out. [0.92]
**********************************
----------------------------------------
tmp/Carr2019_Article_AModestyProposal.pdf.txt haikus (3):
**********************************
Jane is lucky: she
  was not drugged, but she has no
way of knowing this. [0.94]
**********************************
----------------------------------------
tmp/Carter-McKenna2019_Article_KornblithVersusSosaOnGradesOfK.pdf.txt haikus (2):
**********************************
Diana takes an
  archery shot and hits the
selected target. [0.73]
**********************************
----------------------------------------
tmp/Nowak2019_Article_ComplexDemonstrativesHiddenArg.pdf.txt haikus (2):
**********************************
That rider who rides
  faster than all the rest will
take a hefty purse. [0.85]
----------------------------------------
tmp/Antonsen2019_Article_FictionalReports.pdf.txt haikus (4):
**********************************
After they've enjoyed
  an intimate moment, they
embrace in a kiss. [0.80]
**********************************
----------------------------------------
tmp/Chen-Hricko2019_Article_ExperimentalIndividuationAndPh.pdf.txt haikus (2):
**********************************
Scientists in the
  nineteenth century wondered
what cathode rays are. [0.85]
----------------------------------------
