----------------------------------------
tmp/PicazoJaque2019_Article_AreMentalRepresentationsUnderd.pdf.txt haikus (3):
**********************************
Imagine someone
  who wants to buy a modern,
elegant kettle. [0.80]
----------------------------------------
tmp/Vetter2019_Article_AreAbilitiesDispositions.pdf.txt haikus (2):
**********************************
The end of aimless
  ambling may be just that:
aimless ambling. [0.92]
**********************************
Thought experiments:
  The state of the art. In M.
T. Stuart, et al. [0.62]
----------------------------------------
tmp/Finocchiaro2019_Article_IdeologyAndItsRoleInMetaphysic.pdf.txt haikus (3):
**********************************
Wherever there's a
  commitment, there's someone who
wants to avoid it. [0.87]
**********************************
----------------------------------------
tmp/Wallace2019_Article_ThePolysemyOfPart.pdf.txt haikus (4):
**********************************
She got the drinks and
  the idea. Bob lost his
coat and his temper. [0.69]
**********************************
Sally ran a race
  and her business. This road and
the movie are long. [0.75]
**********************************
----------------------------------------
tmp/Tsementzis2019_Article_AMeaningExplanationForHoTT.pdf.txt haikus (2):
**********************************
Everything in space
  is a shape. All shapes exist
in space. Shapes have points. [0.85]
----------------------------------------
